你要读取的文件不存在
 ----- 2013年09月04日02时13分43秒
真的不存在
 ----- 2013年09月04日02时13分43秒
不信吗
 ----- 2013年09月04日02时13分43秒
你自己去看吧！傻逼！
 ----- 2013年09月04日02时13分43秒
你要读取的文件不存在
 ----- 2013年09月04日02时17分58秒
真的不存在
 ----- 2013年09月04日02时18分05秒
不信吗
 ----- 2013年09月04日02时18分07秒
你自己去看吧！傻逼！
 ----- 2013年09月04日02时18分08秒
你要读取的文件不存在
 ----- 2013年09月04日02时24分19秒
你要读取的文件不存在
 ----- 2013年09月04日02时24分56秒
真的不存在
 ----- 2013年09月04日02时24分58秒
不信吗
 ----- 2013年09月04日02时25分06秒
你自己去看吧！傻逼！
 ----- 2013年09月04日02时25分09秒
你要读取的文件不存在
 ----- 2013年09月04日02时38分22秒
你要读取的文件不存在
 ----- 2013年09月04日08时57分47秒
你要读取的文件不存在
 ----- 2013年09月04日09时05分15秒
你要读取的文件不存在
 ----- 2013年09月04日09时07分11秒
真的不存在
 ----- 2013年09月04日09时07分11秒
不信吗
 ----- 2013年09月04日09时07分11秒
你自己去看吧！傻逼！
 ----- 2013年09月04日09时07分11秒
你要读取的文件不存在
 ----- 2013年09月04日09时09分44秒
真的不存在
 ----- 2013年09月04日09时09分44秒
不信吗
 ----- 2013年09月04日09时09分44秒
你自己去看吧！傻逼！
 ----- 2013年09月04日09时09分44秒
你要读取的文件不存在
 ----- 2013年09月04日09时12分43秒
真的不存在
 ----- 2013年09月04日09时12分48秒
不信吗
 ----- 2013年09月04日09时12分50秒
你要读取的文件不存在
 ----- 2013年09月04日12时58分59秒
真的不存在
 ----- 2013年09月04日12时59分02秒
不信吗
 ----- 2013年09月04日12时59分02秒
你自己去看吧！傻逼！
 ----- 2013年09月04日12时59分03秒
